2025-06-02 12:37:10,827 - INFO - WebDriver 설정 시작
2025-06-02 12:37:14,771 - INFO - WebDriver 설정 완료 (소요시간: 3.94초)
2025-06-02 12:37:35,375 - INFO - 카테고리 크롤링 시작: https://cafe.naver.com/joonggonara/ArticleList.nhn?search.clubid=10050146&search.menuid=356&search.boardtype=L
2025-06-02 12:37:35,380 - INFO - URL 수집 시작 (최대 2페이지)
2025-06-02 12:37:38,448 - INFO - iframe 전환 성공 (소요시간: 0.03초)
2025-06-02 12:37:38,448 - INFO - 페이지 1 처리 시작
2025-06-02 12:37:40,471 - INFO - 페이지 1 게시글 수: 15
2025-06-02 12:37:43,824 - INFO - 페이지 1 처리 완료 (소요시간: 5.38초)
2025-06-02 12:37:43,824 - INFO - 페이지 2 처리 시작
2025-06-02 12:37:45,844 - INFO - 페이지 2 게시글 수: 15
2025-06-02 12:37:45,896 - INFO - 페이지 2 처리 완료 (소요시간: 2.07초)
2025-06-02 12:37:45,896 - INFO - URL 수집 완료 (총 30개 URL, 소요시간: 10.52초)
2025-06-02 12:37:45,896 - INFO - 수집된 게시글 URL 수: 30
2025-06-02 12:37:45,917 - INFO - CSV 파일 생성됨: joonggo_data_1748835465.csv
2025-06-02 12:37:48,322 - INFO - iframe 전환 성공 (소요시간: 0.02초)
2025-06-02 12:37:48,904 - INFO - 상품 데이터 추출 완료: 25상설 시스템 린넨 조니칼라 니트탑 (소요시간: 2.91초)
2025-06-02 12:37:51,146 - INFO - iframe 전환 성공 (소요시간: 0.02초)
2025-06-02 12:37:51,199 - INFO - 상품 데이터 추출 완료: 금장 레이스카라 원피스(새상품) (소요시간: 2.28초)
2025-06-02 12:37:53,374 - INFO - iframe 전환 성공 (소요시간: 0.02초)
2025-06-02 12:37:53,929 - INFO - 상품 데이터 추출 완료: 타낫 tannat 퍼프 슬리브 원피스 24ver. (소요시간: 2.73초)
2025-06-02 12:37:56,149 - INFO - iframe 전환 성공 (소요시간: 0.02초)
2025-06-02 12:37:56,198 - INFO - 상품 데이터 추출 완료: 잇미샤 자켓(거의새상품) (소요시간: 2.27초)
2025-06-02 12:37:58,453 - INFO - iframe 전환 성공 (소요시간: 0.02초)
2025-06-02 12:37:58,566 - INFO - 상품 데이터 추출 완료: 팔렛 갸또 네로 니트 베스트 아이보리 S (소요시간: 2.37초)
2025-06-02 12:38:00,951 - INFO - iframe 전환 성공 (소요시간: 0.02초)
2025-06-02 12:38:01,002 - INFO - 상품 데이터 추출 완료: orr오르 루 팬츠 블랙팝니다 (소요시간: 2.43초)
2025-06-02 12:38:03,192 - INFO - iframe 전환 성공 (소요시간: 0.02초)
2025-06-02 12:38:03,855 - INFO - 상품 데이터 추출 완료: 칼라거펠트 카라 니트 탑 55 / 랑방 마인 오브제 타임 럭키슈에뜨 산드로 마쥬 오르 시에 시스템 (소요시간: 2.85초)
2025-06-02 12:38:06,072 - INFO - iframe 전환 성공 (소요시간: 0.02초)
2025-06-02 12:38:08,213 - INFO - 상품 데이터 추출 완료: 랄프로렌 원피스 (소요시간: 4.35초)
2025-06-02 12:38:10,404 - INFO - iframe 전환 성공 (소요시간: 0.02초)
2025-06-02 12:38:10,473 - INFO - 상품 데이터 추출 완료: 제주그꽃 드레스 4벌 (소요시간: 2.26초)
2025-06-02 12:38:12,719 - INFO - iframe 전환 성공 (소요시간: 0.02초)
2025-06-02 12:38:12,777 - INFO - 상품 데이터 추출 완료: 에스닉 커브 핀턱 코튼 벌룬 팬츠 카키 (소요시간: 2.30초)
2025-06-02 12:38:15,079 - INFO - iframe 전환 성공 (소요시간: 0.02초)
2025-06-02 12:38:15,137 - INFO - 상품 데이터 추출 완료: COS 코스 브이넥 울 니트 조끼 S / 랑방 마인 오브제 타임 럭키슈에뜨 산드로 마쥬 오르 시에 시스템 (소요시간: 2.36초)
2025-06-02 12:38:17,350 - INFO - iframe 전환 성공 (소요시간: 0.02초)
2025-06-02 12:38:17,415 - INFO - 상품 데이터 추출 완료: 온스 반팔 가디건, 모니크 반팔 가디건, 데얼 반팔 가디건, 브리드 썸머 카고 팬츠 (소요시간: 2.27초)
2025-06-02 12:38:19,626 - INFO - iframe 전환 성공 (소요시간: 0.02초)
2025-06-02 12:38:19,682 - INFO - 상품 데이터 추출 완료: sandro 산드로 칠부 니트 (소요시간: 2.27초)
2025-06-02 12:38:21,887 - INFO - iframe 전환 성공 (소요시간: 0.02초)
2025-06-02 12:38:21,940 - INFO - 상품 데이터 추출 완료: SJSJ 에스제이 세일러카라 벨트 원피스 44 / 랑방 마인 오브제 타임 럭키슈에뜨 산드로 마쥬 오르 시에 시스템 (소요시간: 2.26초)
2025-06-02 12:38:24,107 - INFO - iframe 전환 성공 (소요시간: 0.02초)
2025-06-02 12:38:24,672 - INFO - 상품 데이터 추출 완료: 유메르 브리즈 셔츠 블루종, 유메르 마틸다 트위드자켓 (소요시간: 2.73초)
2025-06-02 12:38:27,098 - INFO - iframe 전환 성공 (소요시간: 0.02초)
2025-06-02 12:38:27,157 - INFO - 상품 데이터 추출 완료: 타임 (소요시간: 2.48초)
2025-06-02 12:38:29,366 - INFO - iframe 전환 성공 (소요시간: 0.02초)
2025-06-02 12:38:29,431 - INFO - 상품 데이터 추출 완료: 마시모두띠 스트라이프 린넨 원피스 36 / 랑방 마인 오브제 타임 럭키슈에뜨 산드로 마쥬 오르 시에 시스템 (소요시간: 2.27초)
2025-06-02 12:38:31,794 - INFO - iframe 전환 성공 (소요시간: 0.02초)
2025-06-02 12:38:31,857 - INFO - 상품 데이터 추출 완료: 닉앤니콜 나시 (새제품) (소요시간: 2.42초)
2025-06-02 12:38:34,083 - INFO - iframe 전환 성공 (소요시간: 0.02초)
2025-06-02 12:38:34,134 - INFO - 상품 데이터 추출 완료: SYSTEM 후드집업, 치마, 반팔티셔츠 세트로 판매합니다. (소요시간: 2.28초)
2025-06-02 12:38:36,313 - INFO - iframe 전환 성공 (소요시간: 0.02초)
2025-06-02 12:38:36,365 - INFO - 상품 데이터 추출 완료: HDEX 에이치덱스 탱크탑 크롭슬리브 새상품 S (소요시간: 2.23초)
2025-06-02 12:38:38,557 - INFO - iframe 전환 성공 (소요시간: 0.02초)
2025-06-02 12:38:38,616 - INFO - 상품 데이터 추출 완료: 깔랑 왜다려 셔츠 롱 검정 (소요시간: 2.25초)
2025-06-02 12:38:40,798 - INFO - iframe 전환 성공 (소요시간: 0.02초)
2025-06-02 12:38:40,872 - INFO - 상품 데이터 추출 완료: 베네통 카라넥 린넨 원피스 91 / 랑방 마인 오브제 타임 럭키슈에뜨 산드로 마쥬 오르 시에 시스템 (소요시간: 2.25초)
2025-06-02 12:38:43,075 - INFO - iframe 전환 성공 (소요시간: 0.03초)
2025-06-02 12:38:43,134 - INFO - 상품 데이터 추출 완료: 르깜봉 데님 (미듐블루-S) (소요시간: 2.26초)
2025-06-02 12:38:45,335 - INFO - iframe 전환 성공 (소요시간: 0.02초)
2025-06-02 12:38:45,396 - INFO - 상품 데이터 추출 완료: 마인 한섬 세트 (소요시간: 2.26초)
2025-06-02 12:38:47,600 - INFO - iframe 전환 성공 (소요시간: 0.02초)
2025-06-02 12:38:47,652 - INFO - 상품 데이터 추출 완료: ORR 오르 핀턱 블라우스 베이지 색상 XS 새상 판매합니다. (소요시간: 2.26초)
2025-06-02 12:38:50,205 - INFO - iframe 전환 성공 (소요시간: 0.02초)
2025-06-02 12:38:50,862 - INFO - 상품 데이터 추출 완료: 한섬 래트바이티 세트 (소요시간: 3.21초)
2025-06-02 12:38:53,123 - INFO - iframe 전환 성공 (소요시간: 0.02초)
2025-06-02 12:38:53,178 - INFO - 상품 데이터 추출 완료: 폴로진 아일렛 자수 스커트 (소요시간: 2.31초)
2025-06-02 12:38:55,506 - INFO - iframe 전환 성공 (소요시간: 0.11초)
2025-06-02 12:38:55,584 - INFO - 상품 데이터 추출 완료: COS 코스 하이웨스트 드레스 원피스 32 / 랑방 마인 오브제 타임 럭키슈에뜨 산드로 마쥬 오르 시에 시스템 (소요시간: 2.40초)
2025-06-02 12:38:59,248 - INFO - iframe 전환 성공 (소요시간: 1.16초)
2025-06-02 12:38:59,914 - INFO - 상품 데이터 추출 완료: COS 코스 하이웨스트 드레스 원피스 36 / 랑방 마인 오브제 타임 럭키슈에뜨 산드로 마쥬 오르 시에 시스템 (소요시간: 4.33초)
2025-06-02 12:39:02,172 - INFO - iframe 전환 성공 (소요시간: 0.02초)
2025-06-02 12:39:02,730 - INFO - 상품 데이터 추출 완료: 칼라거펠트 민소매 슬리브리스 원피스 66 / 랑방 마인 오브제 타임 럭키슈에뜨 산드로 마쥬 오르 시에 시스템 (소요시간: 2.81초)
2025-06-02 12:39:02,732 - INFO - 크롤링 완료! 총 30개의 상품이 수집되었습니다. (총 소요시간: 87.36초)
2025-06-02 12:39:02,732 - INFO - 마지막으로 크롤링한 URL: https://cafe.naver.com/ArticleRead.nhn?clubid=10050146&page=2&menuid=356&boardtype=L&articleid=1107324304&referrerAllArticles=false
2025-06-02 12:39:20,583 - INFO - WebDriver 종료
